Determining if the pthread_create exist failed with the following output:
Change Dir: /home/cuizhou/projects/KaiKouXiao/sourceCode/cxx_pva_interface/cmake-build-debug/CMakeFiles/CMakeTmp

Run Build Command:"/usr/bin/make" "cmTC_2f2be/fast"
/usr/bin/make -f CMakeFiles/cmTC_2f2be.dir/build.make CMakeFiles/cmTC_2f2be.dir/build
make[1]: Entering directory '/home/cuizhou/projects/KaiKouXiao/sourceCode/cxx_pva_interface/cmake-build-debug/CMakeFiles/CMakeTmp'
Building C object CMakeFiles/cmTC_2f2be.dir/CheckSymbolExists.c.o
/usr/bin/cc   -fPIC    -o CMakeFiles/cmTC_2f2be.dir/CheckSymbolExists.c.o   -c /home/cuizhou/projects/KaiKouXiao/sourceCode/cxx_pva_interface/cmake-build-debug/CMakeFiles/CMakeTmp/CheckSymbolExists.c
Linking C executable cmTC_2f2be
/home/cuizhou/Downloads/clion-2017.2.3/bin/cmake/bin/cmake -E cmake_link_script CMakeFiles/cmTC_2f2be.dir/link.txt --verbose=1
/usr/bin/cc -fPIC     -rdynamic CMakeFiles/cmTC_2f2be.dir/CheckSymbolExists.c.o  -o cmTC_2f2be 
CMakeFiles/cmTC_2f2be.dir/CheckSymbolExists.c.o: In function `main':
CheckSymbolExists.c:(.text+0x1b): undefined reference to `pthread_create'
collect2: error: ld returned 1 exit status
CMakeFiles/cmTC_2f2be.dir/build.make:97: recipe for target 'cmTC_2f2be' failed
make[1]: *** [cmTC_2f2be] Error 1
make[1]: Leaving directory '/home/cuizhou/projects/KaiKouXiao/sourceCode/cxx_pva_interface/cmake-build-debug/CMakeFiles/CMakeTmp'
Makefile:126: recipe for target 'cmTC_2f2be/fast' failed
make: *** [cmTC_2f2be/fast] Error 2

File /home/cuizhou/projects/KaiKouXiao/sourceCode/cxx_pva_interface/cmake-build-debug/CMakeFiles/CMakeTmp/CheckSymbolExists.c:
/* */
#include <pthread.h>

int main(int argc, char** argv)
{
  (void)argv;
#ifndef pthread_create
  return ((int*)(&pthread_create))[argc];
#else
  (void)argc;
  return 0;
#endif
}

Determining if the function pthread_create exists in the pthreads failed with the following output:
Change Dir: /home/cuizhou/projects/KaiKouXiao/sourceCode/cxx_pva_interface/cmake-build-debug/CMakeFiles/CMakeTmp

Run Build Command:"/usr/bin/make" "cmTC_f9155/fast"
/usr/bin/make -f CMakeFiles/cmTC_f9155.dir/build.make CMakeFiles/cmTC_f9155.dir/build
make[1]: Entering directory '/home/cuizhou/projects/KaiKouXiao/sourceCode/cxx_pva_interface/cmake-build-debug/CMakeFiles/CMakeTmp'
Building C object CMakeFiles/cmTC_f9155.dir/CheckFunctionExists.c.o
/usr/bin/cc   -fPIC -DCHECK_FUNCTION_EXISTS=pthread_create   -o CMakeFiles/cmTC_f9155.dir/CheckFunctionExists.c.o   -c /home/cuizhou/Downloads/clion-2017.2.3/bin/cmake/share/cmake-3.8/Modules/CheckFunctionExists.c
Linking C executable cmTC_f9155
/home/cuizhou/Downloads/clion-2017.2.3/bin/cmake/bin/cmake -E cmake_link_script CMakeFiles/cmTC_f9155.dir/link.txt --verbose=1
/usr/bin/cc -fPIC -DCHECK_FUNCTION_EXISTS=pthread_create    -rdynamic CMakeFiles/cmTC_f9155.dir/CheckFunctionExists.c.o  -o cmTC_f9155 -lpthreads 
/usr/bin/ld: cannot find -lpthreads
collect2: error: ld returned 1 exit status
CMakeFiles/cmTC_f9155.dir/build.make:97: recipe for target 'cmTC_f9155' failed
make[1]: *** [cmTC_f9155] Error 1
make[1]: Leaving directory '/home/cuizhou/projects/KaiKouXiao/sourceCode/cxx_pva_interface/cmake-build-debug/CMakeFiles/CMakeTmp'
Makefile:126: recipe for target 'cmTC_f9155/fast' failed
make: *** [cmTC_f9155/fast] Error 2


